<?xml version="1.0" encoding="UTF-8"?>
<!-- Generated by org.testng.reporters.JUnitReportReporter -->
<testsuite hostname="Keerthi" failures="0" tests="1" name="TestNG.DataProviderReadDataFromExcel" time="0.000" errors="0" timestamp="2024-12-02T19:37:09 IST" skipped="1">
  <testcase classname="TestNG.DataProviderReadDataFromExcel" name="createOrganization" time="0.000">
    <skipped/>
  </testcase> <!-- createOrganization -->
  <system-out/>
</testsuite> <!-- TestNG.DataProviderReadDataFromExcel -->
