<?xml version="1.0" encoding="UTF-8"?>
<!-- Generated by org.testng.reporters.JUnitReportReporter -->
<testsuite hostname="Keerthi" failures="0" tests="3" name="TestNG.DataProviderEx1" time="0.015" errors="0" timestamp="2024-11-30T11:44:39 IST" skipped="0">
  <testcase classname="TestNG.DataProviderEx1" name="bookTickets" time="0.012"/>
  <testcase classname="TestNG.DataProviderEx1" name="bookTickets" time="0.002"/>
  <testcase classname="TestNG.DataProviderEx1" name="bookTickets" time="0.001"/>
</testsuite> <!-- TestNG.DataProviderEx1 -->
