<?xml version="1.0" encoding="UTF-8"?>
<!-- Generated by org.testng.reporters.JUnitReportReporter -->
<testsuite hostname="Keerthi" failures="0" tests="1" name="Campiagns.CampaignsTest" time="26.264" errors="0" timestamp="2024-12-16T21:15:32 IST" skipped="0">
  <testcase classname="Campiagns.CampaignsTest" name="campaignsTest" time="26.264"/>
  <system-out/>
</testsuite> <!-- Campiagns.CampaignsTest -->
