<?xml version="1.0" encoding="UTF-8"?>
<!-- Generated by org.testng.reporters.JUnitReportReporter -->
<testsuite hostname="Keerthi" failures="0" tests="1" name="Organization.CreateOrganizationTest" time="21.997" errors="0" timestamp="2024-12-05T12:39:28 IST" skipped="0">
  <testcase classname="Organization.CreateOrganizationTest" name="CreateOrganizationTest" time="21.997"/>
  <system-out/>
</testsuite> <!-- Organization.CreateOrganizationTest -->
