<?xml version="1.0" encoding="UTF-8"?>
<!-- Generated by org.testng.reporters.JUnitReportReporter -->
<testsuite hostname="Keerthi" failures="0" tests="2" name="TestNG.RegionalTest" time="0.010" errors="0" timestamp="2024-12-05T10:24:49 IST" skipped="0">
  <testcase classname="TestNG.RegionalTest" name="Test2" time="0.001"/>
  <system-out/>
  <testcase classname="TestNG.RegionalTest" name="Test1" time="0.009"/>
  <system-out/>
</testsuite> <!-- TestNG.RegionalTest -->
