<?xml version="1.0" encoding="UTF-8"?>
<!-- Generated by org.testng.reporters.JUnitReportReporter -->
<testsuite hostname="Keerthi" failures="0" tests="5" name="TestNG.Script1Test" time="0.016" errors="0" timestamp="2024-11-29T12:43:50 IST" skipped="0">
  <testcase classname="TestNG.Script1Test" name="createProductTest" time="0.001"/>
  <testcase classname="TestNG.Script1Test" name="createProductTest" time="0.002"/>
  <testcase classname="TestNG.Script1Test" name="deleteProductTest" time="0.002"/>
  <testcase classname="TestNG.Script1Test" name="createProductTest" time="0.009"/>
  <testcase classname="TestNG.Script1Test" name="modifyProductTest" time="0.002"/>
</testsuite> <!-- TestNG.Script1Test -->
