<?xml version="1.0" encoding="UTF-8"?>
<!-- Generated by org.testng.reporters.JUnitReportReporter -->
<testsuite hostname="Keerthi" failures="0" tests="1" name="Campiagns.CreateCampaignWithProductTest" time="37.051" errors="0" timestamp="2024-12-16T21:15:32 IST" skipped="0">
  <testcase classname="Campiagns.CreateCampaignWithProductTest" name="CreateCampaignWithProductTest" time="37.051"/>
  <system-out/>
</testsuite> <!-- Campiagns.CreateCampaignWithProductTest -->
