<?xml version="1.0" encoding="UTF-8"?>
<!-- Generated by org.testng.reporters.JUnitReportReporter -->
<testsuite hostname="Keerthi" failures="0" tests="1" name="TestNG.DDP" time="0.000" errors="0" timestamp="2024-12-03T13:24:59 IST" skipped="1">
  <testcase classname="TestNG.DDP" name="createOrganization" time="0.000">
    <skipped/>
  </testcase> <!-- createOrganization -->
  <system-out/>
</testsuite> <!-- TestNG.DDP -->
