<?xml version="1.0" encoding="UTF-8"?>
<!-- Generated by org.testng.reporters.JUnitReportReporter -->
<testsuite hostname="Keerthi" failures="0" tests="3" name="TestNG.DataProviderEx2" time="86.678" errors="0" timestamp="2024-11-30T12:32:37 IST" skipped="0">
  <testcase classname="TestNG.DataProviderEx2" name="createOrganization" time="27.160"/>
  <testcase classname="TestNG.DataProviderEx2" name="createOrganization" time="31.014"/>
  <testcase classname="TestNG.DataProviderEx2" name="createOrganization" time="28.504"/>
</testsuite> <!-- TestNG.DataProviderEx2 -->
