<?xml version="1.0" encoding="UTF-8"?>
<!-- Generated by org.testng.reporters.JUnitReportReporter -->
<testsuite hostname="Keerthi" failures="0" tests="1" name="Product.VerifyProductIsDeletedTest" time="21.637" errors="0" timestamp="2024-12-16T13:03:32 IST" skipped="0">
  <testcase classname="Product.VerifyProductIsDeletedTest" name="VerifyProductIsDeletedTest" time="21.637"/>
  <system-out/>
</testsuite> <!-- Product.VerifyProductIsDeletedTest -->
