<?xml version="1.0" encoding="UTF-8"?>
<!-- Generated by org.testng.reporters.JUnitReportReporter -->
<testsuite hostname="Keerthi" failures="0" tests="1" name="Campiagns.CreateCampaignWithProductTest" time="36.315" errors="0" timestamp="2024-12-05T11:55:19 IST" skipped="0">
  <testcase classname="Campiagns.CreateCampaignWithProductTest" name="CreateCampaignWithProductTest" time="36.315"/>
  <system-out/>
</testsuite> <!-- Campiagns.CreateCampaignWithProductTest -->
