<?xml version="1.0" encoding="UTF-8"?>
<!-- Generated by org.testng.reporters.JUnitReportReporter -->
<testsuite hostname="Keerthi" failures="0" tests="1" name="Campiagns.CampaignsTest" time="22.480" errors="0" timestamp="2024-12-05T12:39:28 IST" skipped="0">
  <testcase classname="Campiagns.CampaignsTest" name="CampaignsTest" time="22.480"/>
  <system-out/>
</testsuite> <!-- Campiagns.CampaignsTest -->
