<?xml version="1.0" encoding="UTF-8"?>
<!-- Generated by org.testng.reporters.JUnitReportReporter -->
<testsuite hostname="Keerthi" failures="0" tests="1" name="Product.CreateProductTest" time="24.514" errors="0" timestamp="2024-12-16T21:15:32 IST" skipped="0">
  <testcase classname="Product.CreateProductTest" name="createProductTest" time="24.514"/>
  <system-out/>
</testsuite> <!-- Product.CreateProductTest -->
